2026-01-01 15:02:15,891 - INFO - detected formats: [<InputFormat.PDF: 'pdf'>]
2026-01-01 15:02:15,936 - INFO - Going to convert document batch...
2026-01-01 15:02:15,936 - INFO - Initializing pipeline for StandardPdfPipeline with options hash e15bc6f248154cc62f8db15ef18a8ab7
2026-01-01 15:02:15,939 - INFO - Loading plugin 'docling_defaults'
2026-01-01 15:02:15,940 - INFO - Registered picture descriptions: ['vlm', 'api']
2026-01-01 15:02:15,942 - INFO - Loading plugin 'docling_defaults'
2026-01-01 15:02:15,944 - INFO - Registered ocr engines: ['auto', 'easyocr', 'ocrmac', 'rapidocr', 'tesserocr', 'tesseract']
2026-01-01 15:02:16,381 - INFO - Auto OCR model selected ocrmac.
2026-01-01 15:02:16,383 - INFO - Loading plugin 'docling_defaults'
2026-01-01 15:02:16,385 - INFO - Registered layout engines: ['docling_layout_default', 'docling_experimental_table_crops_layout']
2026-01-01 15:02:16,388 - INFO - Accelerator device: 'mps'
2026-01-01 15:02:16,989 - INFO - Loading plugin 'docling_defaults'
2026-01-01 15:02:16,990 - INFO - Registered table structure engines: ['docling_tableformer']
2026-01-01 15:02:17,190 - INFO - Accelerator device: 'mps'
2026-01-01 15:02:17,651 - INFO - Processing document pico2-datasheet.pdf
2026-01-01 15:23:51,022 - INFO - Finished converting document pico2-datasheet.pdf in 1295.13 sec.
Starting full conversion of docs/pico2-datasheet.pdf...
Saved full Markdown to docs/pico2-datasheet/pico2-datasheet-full.md
Splitting docs/pico2-datasheet/pico2-datasheet-full.md into chapters...
Full conversion and splitting complete!
